<?xml version="1.0" encoding="UTF-8"?>
<testsuite name="HumanBeingGeneratorLauncher" tests="1" skipped="0" failures="0" errors="0" timestamp="2023-05-16T17:44:53" hostname="pavel-virtual-machine" time="0.551">
  <properties/>
  <testcase name="testGenerateRandomHumanBeing()" classname="HumanBeingGeneratorLauncher" time="0.551"/>
  <system-out><![CDATA[HumanBeing{
 id=135,
 name='Michael',
 coordinates.x=-1267.6273,
 coordinates.y=-536168087,
 creationDate=2023-05-16,
 realHero=false,
 hasToothpick=false,
 impactSpeed=99,
 weaponType=PISTOL,
 mood=RAGE,
 car.cool=true,
 userLogin=admin
}
]]></system-out>
  <system-err><![CDATA[]]></system-err>
</testsuite>
