<?xml version="1.0" encoding="UTF-8"?>
<testsuite name="HumanBeingGeneratorLauncher" tests="2" skipped="0" failures="0" errors="0" timestamp="2023-05-17T17:59:54" hostname="pavel-virtual-machine" time="0.865">
  <properties/>
  <testcase name="testGenerateRandomHumanBeingInDb()" classname="HumanBeingGeneratorLauncher" time="0.839"/>
  <testcase name="testGenerateRandomHumanBeing()" classname="HumanBeingGeneratorLauncher" time="0.022"/>
  <system-out><![CDATA[HumanBeing{
 id=2547,
 name='David',
 coordinates.x=-1194.3367,
 coordinates.y=-2141774564,
 creationDate=2023-05-17,
 realHero=false,
 hasToothpick=false,
 impactSpeed=207,
 weaponType=SHOTGUN,
 mood=APATHY,
 car.cool=false,
 userLogin=admin
}
]]></system-out>
  <system-err><![CDATA[]]></system-err>
</testsuite>
