<?xml version="1.0" encoding="UTF-8"?>
<testsuite name="HumanBeingGeneratorLauncher" tests="2" skipped="0" failures="0" errors="0" timestamp="2023-06-08T13:16:58" hostname="SKHOME22" time="0.145">
  <properties/>
  <testcase name="testGenerateRandomHumanBeingInDb()" classname="HumanBeingGeneratorLauncher" time="0.13"/>
  <testcase name="testGenerateRandomHumanBeing()" classname="HumanBeingGeneratorLauncher" time="0.014"/>
  <system-out><![CDATA[HumanBeing{
 id=102,
 name='John',
 coordinates.x=-1.3722329E38,
 coordinates.y=-2129819619,
 creationDate=2023-06-08,
 realHero=false,
 hasToothpick=false,
 impactSpeed=355,
 weaponType=shotgun,
 mood=apathy,
 car.cool=false,
 userLogin=Marat
}
]]></system-out>
  <system-err><![CDATA[]]></system-err>
</testsuite>
