<?xml version="1.0" encoding="UTF-8"?>
<testsuite name="HumanBeingGeneratorLauncher" tests="2" skipped="0" failures="0" errors="0" timestamp="2023-06-07T18:57:03" hostname="pavel-virtual-machine" time="0.828">
  <properties/>
  <testcase name="testGenerateRandomHumanBeingInDb()" classname="HumanBeingGeneratorLauncher" time="0.787"/>
  <testcase name="testGenerateRandomHumanBeing()" classname="HumanBeingGeneratorLauncher" time="0.038"/>
  <system-out><![CDATA[HumanBeing{
 id=1031,
 name='John',
 coordinates.x=-995.87726,
 coordinates.y=231921002,
 creationDate=2023-06-07,
 realHero=false,
 hasToothpick=false,
 impactSpeed=385,
 weaponType=pistol,
 mood=apathy,
 car.cool=false,
 userLogin=admin
}
]]></system-out>
  <system-err><![CDATA[]]></system-err>
</testsuite>
